<?xml version="1.0" encoding="UTF-8"?>
<testng-results ignored="0" total="2" passed="2" failed="0" skipped="0">
  <reporter-output>
  </reporter-output>
  <suite started-at="2023-02-15T10:15:34 IST" name="Default suite" finished-at="2023-02-15T10:15:54 IST" duration-ms="20216">
    <groups>
    </groups>
    <test started-at="2023-02-15T10:15:34 IST" name="Default test" finished-at="2023-02-15T10:15:54 IST" duration-ms="20216">
      <class name="testnewgen.Asrtn">
        <test-method is-config="true" signature="browser()[pri:0, instance:testnewgen.Asrtn@25084a1e]" started-at="2023-02-15T10:15:34 IST" name="browser" finished-at="2023-02-15T10:15:44 IST" duration-ms="10468" status="PASS">
          <reporter-output>
          </reporter-output>
        </test-method> <!-- browser -->
        <test-method signature="m1()[pri:0, instance:testnewgen.Asrtn@25084a1e]" started-at="2023-02-15T10:15:44 IST" name="m1" finished-at="2023-02-15T10:15:44 IST" duration-ms="30" status="PASS">
          <reporter-output>
          </reporter-output>
        </test-method> <!-- m1 -->
        <test-method is-config="true" signature="login()[pri:0, instance:testnewgen.Asrtn@25084a1e]" started-at="2023-02-15T10:15:44 IST" name="login" finished-at="2023-02-15T10:15:44 IST" duration-ms="268" status="PASS">
          <reporter-output>
          </reporter-output>
        </test-method> <!-- login -->
        <test-method is-config="true" signature="browser()[pri:0, instance:testnewgen.Asrtn@25084a1e]" started-at="2023-02-15T10:15:44 IST" name="browser" finished-at="2023-02-15T10:15:51 IST" duration-ms="7015" status="PASS">
          <reporter-output>
          </reporter-output>
        </test-method> <!-- browser -->
        <test-method signature="m2()[pri:1, instance:testnewgen.Asrtn@25084a1e]" started-at="2023-02-15T10:15:51 IST" name="m2" finished-at="2023-02-15T10:15:53 IST" duration-ms="1959" status="PASS">
          <reporter-output>
          </reporter-output>
        </test-method> <!-- m2 -->
        <test-method is-config="true" signature="login()[pri:0, instance:testnewgen.Asrtn@25084a1e]" started-at="2023-02-15T10:15:53 IST" name="login" finished-at="2023-02-15T10:15:54 IST" duration-ms="391" status="PASS">
          <reporter-output>
          </reporter-output>
        </test-method> <!-- login -->
      </class> <!-- testnewgen.Asrtn -->
    </test> <!-- Default test -->
  </suite> <!-- Default suite -->
</testng-results>
